Traceback (most recent call last):
  File "/nfs/home/ajscacco/transients/cosmoslik/cosmoslik/__main__.py", line 59, in <module>
Traceback (most recent call last):
  File "/nfs/home/ajscacco/transients/cosmoslik/cosmoslik/__main__.py", line 59, in <module>
    main(args)
  File "/nfs/home/ajscacco/transients/cosmoslik/cosmoslik/__main__.py", line 49, in main
    p = load_script(args['script.py'], *(map(try_eval,args['args'] or [])))
  File "/home/ajscacco/transients/cosmoslik/cosmoslik/cosmoslik.py", line 25, in load_script
    main(args)
  File "/nfs/home/ajscacco/transients/cosmoslik/cosmoslik/__main__.py", line 49, in main
    p = load_script(args['script.py'], *(map(try_eval,args['args'] or [])))
  File "/home/ajscacco/transients/cosmoslik/cosmoslik/cosmoslik.py", line 25, in load_script
    mod = imp.load_source(modname,scriptfile)
IOError: [Errno 2] No such file or directory
    mod = imp.load_source(modname,scriptfile)
IOError: [Errno 2] No such file or directory
Traceback (most recent call last):
  File "/nfs/home/ajscacco/transients/cosmoslik/cosmoslik/__main__.py", line 59, in <module>
    main(args)
  File "/nfs/home/ajscacco/transients/cosmoslik/cosmoslik/__main__.py", line 49, in main
    p = load_script(args['script.py'], *(map(try_eval,args['args'] or [])))
  File "/home/ajscacco/transients/cosmoslik/cosmoslik/cosmoslik.py", line 25, in load_script
    mod = imp.load_source(modname,scriptfile)
IOError: [Errno 2] No such file or directory
Traceback (most recent call last):
  File "/nfs/home/ajscacco/transients/cosmoslik/cosmoslik/__main__.py", line 59, in <module>
    main(args)
  File "/nfs/home/ajscacco/transients/cosmoslik/cosmoslik/__main__.py", line 49, in main
    p = load_script(args['script.py'], *(map(try_eval,args['args'] or [])))
  File "/home/ajscacco/transients/cosmoslik/cosmoslik/cosmoslik.py", line 25, in load_script
    mod = imp.load_source(modname,scriptfile)
IOError: [Errno 2] No such file or directory
Traceback (most recent call last):
  File "/nfs/home/ajscacco/transients/cosmoslik/cosmoslik/__main__.py", line 59, in <module>
    main(args)
  File "/nfs/home/ajscacco/transients/cosmoslik/cosmoslik/__main__.py", line 49, in main
    p = load_script(args['script.py'], *(map(try_eval,args['args'] or [])))
  File "/home/ajscacco/transients/cosmoslik/cosmoslik/cosmoslik.py", line 25, in load_script
    mod = imp.load_source(modname,scriptfile)
IOError: [Errno 2] No such file or directory
Traceback (most recent call last):
  File "/nfs/home/ajscacco/transients/cosmoslik/cosmoslik/__main__.py", line 59, in <module>
    main(args)
  File "/nfs/home/ajscacco/transients/cosmoslik/cosmoslik/__main__.py", line 49, in main
    p = load_script(args['script.py'], *(map(try_eval,args['args'] or [])))
  File "/home/ajscacco/transients/cosmoslik/cosmoslik/cosmoslik.py", line 25, in load_script
    mod = imp.load_source(modname,scriptfile)
IOError: [Errno 2] No such file or directory
Traceback (most recent call last):
  File "/nfs/home/ajscacco/transients/cosmoslik/cosmoslik/__main__.py", line 59, in <module>
    main(args)
  File "/nfs/home/ajscacco/transients/cosmoslik/cosmoslik/__main__.py", line 49, in main
    p = load_script(args['script.py'], *(map(try_eval,args['args'] or [])))
  File "/home/ajscacco/transients/cosmoslik/cosmoslik/cosmoslik.py", line 25, in load_script
    mod = imp.load_source(modname,scriptfile)
IOError: [Errno 2] No such file or directory
Traceback (most recent call last):
  File "/nfs/home/ajscacco/transients/cosmoslik/cosmoslik/__main__.py", line 59, in <module>
    main(args)
  File "/nfs/home/ajscacco/transients/cosmoslik/cosmoslik/__main__.py", line 49, in main
    p = load_script(args['script.py'], *(map(try_eval,args['args'] or [])))
  File "/home/ajscacco/transients/cosmoslik/cosmoslik/cosmoslik.py", line 25, in load_script
    mod = imp.load_source(modname,scriptfile)
IOError: [Errno 2] No such file or directory
Traceback (most recent call last):
  File "/nfs/home/ajscacco/transients/cosmoslik/cosmoslik/__main__.py", line 59, in <module>
    main(args)
  File "/nfs/home/ajscacco/transients/cosmoslik/cosmoslik/__main__.py", line 49, in main
    p = load_script(args['script.py'], *(map(try_eval,args['args'] or [])))
  File "/home/ajscacco/transients/cosmoslik/cosmoslik/cosmoslik.py", line 25, in load_script
    mod = imp.load_source(modname,scriptfile)
IOError: [Errno 2] No such file or directory
Traceback (most recent call last):
  File "/nfs/home/ajscacco/transients/cosmoslik/cosmoslik/__main__.py", line 59, in <module>
    main(args)
  File "/nfs/home/ajscacco/transients/cosmoslik/cosmoslik/__main__.py", line 49, in main
    p = load_script(args['script.py'], *(map(try_eval,args['args'] or [])))
  File "/home/ajscacco/transients/cosmoslik/cosmoslik/cosmoslik.py", line 25, in load_script
    mod = imp.load_source(modname,scriptfile)
IOError: [Errno 2] No such file or directory
Traceback (most recent call last):
  File "/nfs/home/ajscacco/transients/cosmoslik/cosmoslik/__main__.py", line 59, in <module>
    main(args)
  File "/nfs/home/ajscacco/transients/cosmoslik/cosmoslik/__main__.py", line 49, in main
    p = load_script(args['script.py'], *(map(try_eval,args['args'] or [])))
  File "/home/ajscacco/transients/cosmoslik/cosmoslik/cosmoslik.py", line 25, in load_script
    mod = imp.load_source(modname,scriptfile)
IOError: [Errno 2] No such file or directory
Traceback (most recent call last):
  File "/nfs/home/ajscacco/transients/cosmoslik/cosmoslik/__main__.py", line 59, in <module>
Traceback (most recent call last):
  File "/nfs/home/ajscacco/transients/cosmoslik/cosmoslik/__main__.py", line 59, in <module>
    main(args)
    main(args)
  File "/nfs/home/ajscacco/transients/cosmoslik/cosmoslik/__main__.py", line 49, in main
  File "/nfs/home/ajscacco/transients/cosmoslik/cosmoslik/__main__.py", line 49, in main
    p = load_script(args['script.py'], *(map(try_eval,args['args'] or [])))
  File "/home/ajscacco/transients/cosmoslik/cosmoslik/cosmoslik.py", line 25, in load_script
    p = load_script(args['script.py'], *(map(try_eval,args['args'] or [])))
  File "/home/ajscacco/transients/cosmoslik/cosmoslik/cosmoslik.py", line 25, in load_script
    mod = imp.load_source(modname,scriptfile)
    mod = imp.load_source(modname,scriptfile)
IOError: [Errno 2] No such file or directory
IOError: [Errno 2] No such file or directory
Traceback (most recent call last):
Traceback (most recent call last):
  File "/nfs/home/ajscacco/transients/cosmoslik/cosmoslik/__main__.py", line 59, in <module>
  File "/nfs/home/ajscacco/transients/cosmoslik/cosmoslik/__main__.py", line 59, in <module>
    main(args)
    main(args)
  File "/nfs/home/ajscacco/transients/cosmoslik/cosmoslik/__main__.py", line 49, in main
    p = load_script(args['script.py'], *(map(try_eval,args['args'] or [])))
  File "/home/ajscacco/transients/cosmoslik/cosmoslik/cosmoslik.py", line 25, in load_script
  File "/nfs/home/ajscacco/transients/cosmoslik/cosmoslik/__main__.py", line 49, in main
    p = load_script(args['script.py'], *(map(try_eval,args['args'] or [])))
  File "/home/ajscacco/transients/cosmoslik/cosmoslik/cosmoslik.py", line 25, in load_script
    mod = imp.load_source(modname,scriptfile)
    mod = imp.load_source(modname,scriptfile)
IOError: [Errno 2] No such file or directory
IOError: [Errno 2] No such file or directory
Traceback (most recent call last):
  File "/nfs/home/ajscacco/transients/cosmoslik/cosmoslik/__main__.py", line 59, in <module>
    main(args)
  File "/nfs/home/ajscacco/transients/cosmoslik/cosmoslik/__main__.py", line 49, in main
    p = load_script(args['script.py'], *(map(try_eval,args['args'] or [])))
  File "/home/ajscacco/transients/cosmoslik/cosmoslik/cosmoslik.py", line 25, in load_script
    mod = imp.load_source(modname,scriptfile)
IOError: [Errno 2] No such file or directory
Traceback (most recent call last):
  File "/nfs/home/ajscacco/transients/cosmoslik/cosmoslik/__main__.py", line 59, in <module>
Traceback (most recent call last):
  File "/nfs/home/ajscacco/transients/cosmoslik/cosmoslik/__main__.py", line 59, in <module>
    main(args)
  File "/nfs/home/ajscacco/transients/cosmoslik/cosmoslik/__main__.py", line 49, in main
    main(args)
  File "/nfs/home/ajscacco/transients/cosmoslik/cosmoslik/__main__.py", line 49, in main
    p = load_script(args['script.py'], *(map(try_eval,args['args'] or [])))
  File "/home/ajscacco/transients/cosmoslik/cosmoslik/cosmoslik.py", line 25, in load_script
    p = load_script(args['script.py'], *(map(try_eval,args['args'] or [])))
  File "/home/ajscacco/transients/cosmoslik/cosmoslik/cosmoslik.py", line 25, in load_script
    mod = imp.load_source(modname,scriptfile)
IOError: [Errno 2] No such file or directory
    mod = imp.load_source(modname,scriptfile)
IOError: [Errno 2] No such file or directory
Traceback (most recent call last):
  File "/nfs/home/ajscacco/transients/cosmoslik/cosmoslik/__main__.py", line 59, in <module>
Traceback (most recent call last):
  File "/nfs/home/ajscacco/transients/cosmoslik/cosmoslik/__main__.py", line 59, in <module>
    main(args)
    main(args)
  File "/nfs/home/ajscacco/transients/cosmoslik/cosmoslik/__main__.py", line 49, in main
    p = load_script(args['script.py'], *(map(try_eval,args['args'] or [])))
  File "/nfs/home/ajscacco/transients/cosmoslik/cosmoslik/__main__.py", line 49, in main
    p = load_script(args['script.py'], *(map(try_eval,args['args'] or [])))
  File "/home/ajscacco/transients/cosmoslik/cosmoslik/cosmoslik.py", line 25, in load_script
  File "/home/ajscacco/transients/cosmoslik/cosmoslik/cosmoslik.py", line 25, in load_script
    mod = imp.load_source(modname,scriptfile)
    mod = imp.load_source(modname,scriptfile)
IOError: [Errno 2] No such file or directory
IOError: [Errno 2] No such file or directory
Traceback (most recent call last):
  File "/nfs/home/ajscacco/transients/cosmoslik/cosmoslik/__main__.py", line 59, in <module>
    main(args)
  File "/nfs/home/ajscacco/transients/cosmoslik/cosmoslik/__main__.py", line 49, in main
    p = load_script(args['script.py'], *(map(try_eval,args['args'] or [])))
  File "/home/ajscacco/transients/cosmoslik/cosmoslik/cosmoslik.py", line 25, in load_script
Traceback (most recent call last):
  File "/nfs/home/ajscacco/transients/cosmoslik/cosmoslik/__main__.py", line 59, in <module>
    main(args)
  File "/nfs/home/ajscacco/transients/cosmoslik/cosmoslik/__main__.py", line 49, in main
    p = load_script(args['script.py'], *(map(try_eval,args['args'] or [])))
  File "/home/ajscacco/transients/cosmoslik/cosmoslik/cosmoslik.py", line 25, in load_script
Traceback (most recent call last):
  File "/nfs/home/ajscacco/transients/cosmoslik/cosmoslik/__main__.py", line 59, in <module>
    main(args)
  File "/nfs/home/ajscacco/transients/cosmoslik/cosmoslik/__main__.py", line 49, in main
    p = load_script(args['script.py'], *(map(try_eval,args['args'] or [])))
  File "/home/ajscacco/transients/cosmoslik/cosmoslik/cosmoslik.py", line 25, in load_script
Traceback (most recent call last):
  File "/nfs/home/ajscacco/transients/cosmoslik/cosmoslik/__main__.py", line 59, in <module>
    main(args)
  File "/nfs/home/ajscacco/transients/cosmoslik/cosmoslik/__main__.py", line 49, in main
    p = load_script(args['script.py'], *(map(try_eval,args['args'] or [])))
  File "/home/ajscacco/transients/cosmoslik/cosmoslik/cosmoslik.py", line 25, in load_script
Traceback (most recent call last):
  File "/nfs/home/ajscacco/transients/cosmoslik/cosmoslik/__main__.py", line 59, in <module>
    main(args)
  File "/nfs/home/ajscacco/transients/cosmoslik/cosmoslik/__main__.py", line 49, in main
    p = load_script(args['script.py'], *(map(try_eval,args['args'] or [])))
  File "/home/ajscacco/transients/cosmoslik/cosmoslik/cosmoslik.py", line 25, in load_script
    mod = imp.load_source(modname,scriptfile)
IOError: [Errno 2] No such file or directory
    mod = imp.load_source(modname,scriptfile)
IOError: [Errno 2] No such file or directory
    mod = imp.load_source(modname,scriptfile)
IOError: [Errno 2] No such file or directory
    mod = imp.load_source(modname,scriptfile)
IOError: [Errno 2] No such file or directory
    mod = imp.load_source(modname,scriptfile)
IOError: [Errno 2] No such file or directory
Traceback (most recent call last):
  File "/nfs/home/ajscacco/transients/cosmoslik/cosmoslik/__main__.py", line 59, in <module>
    main(args)
  File "/nfs/home/ajscacco/transients/cosmoslik/cosmoslik/__main__.py", line 49, in main
    p = load_script(args['script.py'], *(map(try_eval,args['args'] or [])))
  File "/home/ajscacco/transients/cosmoslik/cosmoslik/cosmoslik.py", line 25, in load_script
    mod = imp.load_source(modname,scriptfile)
IOError: [Errno 2] No such file or directory
Traceback (most recent call last):
  File "/nfs/home/ajscacco/transients/cosmoslik/cosmoslik/__main__.py", line 59, in <module>
    main(args)
  File "/nfs/home/ajscacco/transients/cosmoslik/cosmoslik/__main__.py", line 49, in main
    p = load_script(args['script.py'], *(map(try_eval,args['args'] or [])))
  File "/home/ajscacco/transients/cosmoslik/cosmoslik/cosmoslik.py", line 25, in load_script
    mod = imp.load_source(modname,scriptfile)
IOError: [Errno 2] No such file or directory
Traceback (most recent call last):
  File "/nfs/home/ajscacco/transients/cosmoslik/cosmoslik/__main__.py", line 59, in <module>
    main(args)
  File "/nfs/home/ajscacco/transients/cosmoslik/cosmoslik/__main__.py", line 49, in main
    p = load_script(args['script.py'], *(map(try_eval,args['args'] or [])))
  File "/home/ajscacco/transients/cosmoslik/cosmoslik/cosmoslik.py", line 25, in load_script
    mod = imp.load_source(modname,scriptfile)
IOError: [Errno 2] No such file or directory
Traceback (most recent call last):
  File "/nfs/home/ajscacco/transients/cosmoslik/cosmoslik/__main__.py", line 59, in <module>
    main(args)
  File "/nfs/home/ajscacco/transients/cosmoslik/cosmoslik/__main__.py", line 49, in main
    p = load_script(args['script.py'], *(map(try_eval,args['args'] or [])))
  File "/home/ajscacco/transients/cosmoslik/cosmoslik/cosmoslik.py", line 25, in load_script
    mod = imp.load_source(modname,scriptfile)
IOError: [Errno 2] No such file or directory
Traceback (most recent call last):
  File "/nfs/home/ajscacco/transients/cosmoslik/cosmoslik/__main__.py", line 59, in <module>
    main(args)
  File "/nfs/home/ajscacco/transients/cosmoslik/cosmoslik/__main__.py", line 49, in main
    p = load_script(args['script.py'], *(map(try_eval,args['args'] or [])))
  File "/home/ajscacco/transients/cosmoslik/cosmoslik/cosmoslik.py", line 25, in load_script
    mod = imp.load_source(modname,scriptfile)
IOError: [Errno 2] No such file or directory
Traceback (most recent call last):
  File "/nfs/home/ajscacco/transients/cosmoslik/cosmoslik/__main__.py", line 59, in <module>
    main(args)
  File "/nfs/home/ajscacco/transients/cosmoslik/cosmoslik/__main__.py", line 49, in main
    p = load_script(args['script.py'], *(map(try_eval,args['args'] or [])))
  File "/home/ajscacco/transients/cosmoslik/cosmoslik/cosmoslik.py", line 25, in load_script
    mod = imp.load_source(modname,scriptfile)
IOError: [Errno 2] No such file or directory
Traceback (most recent call last):
  File "/nfs/home/ajscacco/transients/cosmoslik/cosmoslik/__main__.py", line 59, in <module>
    main(args)
  File "/nfs/home/ajscacco/transients/cosmoslik/cosmoslik/__main__.py", line 49, in main
    p = load_script(args['script.py'], *(map(try_eval,args['args'] or [])))
  File "/home/ajscacco/transients/cosmoslik/cosmoslik/cosmoslik.py", line 25, in load_script
    mod = imp.load_source(modname,scriptfile)
IOError: [Errno 2] No such file or directory
Traceback (most recent call last):
  File "/nfs/home/ajscacco/transients/cosmoslik/cosmoslik/__main__.py", line 59, in <module>
    main(args)
  File "/nfs/home/ajscacco/transients/cosmoslik/cosmoslik/__main__.py", line 49, in main
    p = load_script(args['script.py'], *(map(try_eval,args['args'] or [])))
  File "/home/ajscacco/transients/cosmoslik/cosmoslik/cosmoslik.py", line 25, in load_script
    mod = imp.load_source(modname,scriptfile)
IOError: [Errno 2] No such file or directory
Traceback (most recent call last):
  File "/nfs/home/ajscacco/transients/cosmoslik/cosmoslik/__main__.py", line 59, in <module>
    main(args)
  File "/nfs/home/ajscacco/transients/cosmoslik/cosmoslik/__main__.py", line 49, in main
    p = load_script(args['script.py'], *(map(try_eval,args['args'] or [])))
  File "/home/ajscacco/transients/cosmoslik/cosmoslik/cosmoslik.py", line 25, in load_script
    mod = imp.load_source(modname,scriptfile)
IOError: [Errno 2] No such file or directory
Traceback (most recent call last):
  File "/nfs/home/ajscacco/transients/cosmoslik/cosmoslik/__main__.py", line 59, in <module>
    main(args)
  File "/nfs/home/ajscacco/transients/cosmoslik/cosmoslik/__main__.py", line 49, in main
    p = load_script(args['script.py'], *(map(try_eval,args['args'] or [])))
  File "/home/ajscacco/transients/cosmoslik/cosmoslik/cosmoslik.py", line 25, in load_script
    mod = imp.load_source(modname,scriptfile)
IOError: [Errno 2] No such file or directory
Traceback (most recent call last):
  File "/nfs/home/ajscacco/transients/cosmoslik/cosmoslik/__main__.py", line 59, in <module>
    main(args)
  File "/nfs/home/ajscacco/transients/cosmoslik/cosmoslik/__main__.py", line 49, in main
    p = load_script(args['script.py'], *(map(try_eval,args['args'] or [])))
  File "/home/ajscacco/transients/cosmoslik/cosmoslik/cosmoslik.py", line 25, in load_script
    mod = imp.load_source(modname,scriptfile)
IOError: [Errno 2] No such file or directory
Traceback (most recent call last):
  File "/nfs/home/ajscacco/transients/cosmoslik/cosmoslik/__main__.py", line 59, in <module>
    main(args)
  File "/nfs/home/ajscacco/transients/cosmoslik/cosmoslik/__main__.py", line 49, in main
    p = load_script(args['script.py'], *(map(try_eval,args['args'] or [])))
  File "/home/ajscacco/transients/cosmoslik/cosmoslik/cosmoslik.py", line 25, in load_script
    mod = imp.load_source(modname,scriptfile)
IOError: [Errno 2] No such file or directory
Traceback (most recent call last):
  File "/nfs/home/ajscacco/transients/cosmoslik/cosmoslik/__main__.py", line 59, in <module>
    main(args)
  File "/nfs/home/ajscacco/transients/cosmoslik/cosmoslik/__main__.py", line 49, in main
    p = load_script(args['script.py'], *(map(try_eval,args['args'] or [])))
  File "/home/ajscacco/transients/cosmoslik/cosmoslik/cosmoslik.py", line 25, in load_script
    mod = imp.load_source(modname,scriptfile)
IOError: [Errno 2] No such file or directory
Traceback (most recent call last):
  File "/nfs/home/ajscacco/transients/cosmoslik/cosmoslik/__main__.py", line 59, in <module>
    main(args)
  File "/nfs/home/ajscacco/transients/cosmoslik/cosmoslik/__main__.py", line 49, in main
    p = load_script(args['script.py'], *(map(try_eval,args['args'] or [])))
  File "/home/ajscacco/transients/cosmoslik/cosmoslik/cosmoslik.py", line 25, in load_script
    mod = imp.load_source(modname,scriptfile)
IOError: [Errno 2] No such file or directory
Traceback (most recent call last):
  File "/nfs/home/ajscacco/transients/cosmoslik/cosmoslik/__main__.py", line 59, in <module>
    main(args)
  File "/nfs/home/ajscacco/transients/cosmoslik/cosmoslik/__main__.py", line 49, in main
    p = load_script(args['script.py'], *(map(try_eval,args['args'] or [])))
  File "/home/ajscacco/transients/cosmoslik/cosmoslik/cosmoslik.py", line 25, in load_script
    mod = imp.load_source(modname,scriptfile)
IOError: [Errno 2] No such file or directory
Traceback (most recent call last):
  File "/nfs/home/ajscacco/transients/cosmoslik/cosmoslik/__main__.py", line 59, in <module>
    main(args)
  File "/nfs/home/ajscacco/transients/cosmoslik/cosmoslik/__main__.py", line 49, in main
    p = load_script(args['script.py'], *(map(try_eval,args['args'] or [])))
  File "/home/ajscacco/transients/cosmoslik/cosmoslik/cosmoslik.py", line 25, in load_script
    mod = imp.load_source(modname,scriptfile)
IOError: [Errno 2] No such file or directory
